{"level":"info","message":"Building Application...","timestamp":"2017-02-05T09:14:40.471Z"}
{"level":"error","message":"Failed to load layers... :(","timestamp":"2017-02-05T09:14:40.821Z"}
{"level":"info","message":"Building Application...","timestamp":"2017-02-05T09:15:21.956Z"}
{"level":"error","message":"Failed to load layers... :(","timestamp":"2017-02-05T09:15:22.337Z"}
{"message":"ENOENT: no such file or directory, open '/Users/harbinger/Documents/workspace/repos/swifty-core/dist/app/resources/swags.js'","stack":"Error: ENOENT: no such file or directory, open '/Users/harbinger/Documents/workspace/repos/swifty-core/dist/app/resources/swags.js'\n    at Error (native)","errno":-2,"code":"ENOENT","syscall":"open","path":"/Users/harbinger/Documents/workspace/repos/swifty-core/dist/app/resources/swags.js","level":"error","timestamp":"2017-02-05T09:15:22.337Z"}
{"level":"info","message":"Building Application...","timestamp":"2017-02-05T09:15:40.750Z"}
{"level":"error","message":"Failed to load layers... :( reason was:","timestamp":"2017-02-05T09:15:41.100Z"}
{"message":"ENOENT: no such file or directory, open '/Users/harbinger/Documents/workspace/repos/swifty-core/dist/app/resources/swags.js'","stack":"Error: ENOENT: no such file or directory, open '/Users/harbinger/Documents/workspace/repos/swifty-core/dist/app/resources/swags.js'\n    at Error (native)","errno":-2,"code":"ENOENT","syscall":"open","path":"/Users/harbinger/Documents/workspace/repos/swifty-core/dist/app/resources/swags.js","level":"error","timestamp":"2017-02-05T09:15:41.101Z"}
{"level":"info","message":"Building Application...","timestamp":"2017-02-05T09:16:09.018Z"}
{"level":"error","message":"Failed to load layers... :(\nThis is likely a bug with Swifty.js itself. Reason was:","timestamp":"2017-02-05T09:16:09.363Z"}
{"message":"ENOENT: no such file or directory, open '/Users/harbinger/Documents/workspace/repos/swifty-core/dist/app/resources/swags.js'","stack":"Error: ENOENT: no such file or directory, open '/Users/harbinger/Documents/workspace/repos/swifty-core/dist/app/resources/swags.js'\n    at Error (native)","errno":-2,"code":"ENOENT","syscall":"open","path":"/Users/harbinger/Documents/workspace/repos/swifty-core/dist/app/resources/swags.js","level":"error","timestamp":"2017-02-05T09:16:09.363Z"}
{"level":"info","message":"Building Application...","timestamp":"2017-02-05T09:16:32.776Z"}
{"level":"error","message":"Failed to load layers... :( Unfortunately, this is likely a bug with Swifty.js itself. Reason was:","timestamp":"2017-02-05T09:16:33.119Z"}
{"message":"ENOENT: no such file or directory, open '/Users/harbinger/Documents/workspace/repos/swifty-core/dist/app/resources/swags.js'","stack":"Error: ENOENT: no such file or directory, open '/Users/harbinger/Documents/workspace/repos/swifty-core/dist/app/resources/swags.js'\n    at Error (native)","errno":-2,"code":"ENOENT","syscall":"open","path":"/Users/harbinger/Documents/workspace/repos/swifty-core/dist/app/resources/swags.js","level":"error","timestamp":"2017-02-05T09:16:33.119Z"}
{"level":"info","message":"Building Application...","timestamp":"2017-02-05T09:27:51.252Z"}
{"level":"error","message":"Failed to load layers... :( Unfortunately, this is likely a bug with Swifty.js itself. Reason was:","timestamp":"2017-02-05T09:27:51.645Z"}
{"message":"EISDIR: illegal operation on a directory, open '/Users/harbinger/Documents/workspace/repos/swifty-core/dist/app/serializers/swag.js'","stack":"Error: EISDIR: illegal operation on a directory, open '/Users/harbinger/Documents/workspace/repos/swifty-core/dist/app/serializers/swag.js'\n    at Error (native)","errno":-21,"code":"EISDIR","syscall":"open","path":"/Users/harbinger/Documents/workspace/repos/swifty-core/dist/app/serializers/swag.js","level":"error","timestamp":"2017-02-05T09:27:51.646Z"}
{"level":"info","message":"Building Application...","timestamp":"2017-02-05T09:28:36.892Z"}
{"level":"error","message":"Failed to load layers... :( Unfortunately, this is likely a bug with Swifty.js itself. Reason was:","timestamp":"2017-02-05T09:28:37.238Z"}
{"message":"EISDIR: illegal operation on a directory, open '/Users/harbinger/Documents/workspace/repos/swifty-core/dist/app/resources/swags.js'","stack":"Error: EISDIR: illegal operation on a directory, open '/Users/harbinger/Documents/workspace/repos/swifty-core/dist/app/resources/swags.js'\n    at Error (native)","errno":-21,"code":"EISDIR","syscall":"open","path":"/Users/harbinger/Documents/workspace/repos/swifty-core/dist/app/resources/swags.js","level":"error","timestamp":"2017-02-05T09:28:37.239Z"}
{"level":"info","message":"Building Application...","timestamp":"2017-02-05T09:32:11.783Z"}
{"level":"error","message":"Failed to load layers... :( Unfortunately, this is likely a bug with Swifty.js itself. Reason was:","timestamp":"2017-02-05T09:32:12.131Z"}
{"message":"EISDIR: illegal operation on a directory, open '/Users/harbinger/Documents/workspace/repos/swifty-core/dist/app/resources/swags.js'","stack":"Error: EISDIR: illegal operation on a directory, open '/Users/harbinger/Documents/workspace/repos/swifty-core/dist/app/resources/swags.js'\n    at Error (native)","errno":-21,"code":"EISDIR","syscall":"open","path":"/Users/harbinger/Documents/workspace/repos/swifty-core/dist/app/resources/swags.js","level":"error","timestamp":"2017-02-05T09:32:12.132Z"}
{"level":"info","message":"Building Application...","timestamp":"2017-02-05T09:32:23.222Z"}
{"level":"error","message":"Failed to load layers... :( Unfortunately, this is likely a bug with Swifty.js itself. Reason was:","timestamp":"2017-02-05T09:32:23.579Z"}
{"message":"EISDIR: illegal operation on a directory, open '/Users/harbinger/Documents/workspace/repos/swifty-core/dist/app/serializers/swag.js'","stack":"Error: EISDIR: illegal operation on a directory, open '/Users/harbinger/Documents/workspace/repos/swifty-core/dist/app/serializers/swag.js'\n    at Error (native)","errno":-21,"code":"EISDIR","syscall":"open","path":"/Users/harbinger/Documents/workspace/repos/swifty-core/dist/app/serializers/swag.js","level":"error","timestamp":"2017-02-05T09:32:23.579Z"}
{"level":"info","message":"Building Application...","timestamp":"2017-02-05T09:32:56.336Z"}
{"level":"error","message":"Failed to load layers... :( Unfortunately, this is likely a bug with Swifty.js itself. Reason was:","timestamp":"2017-02-05T09:32:56.717Z"}
{"message":"EISDIR: illegal operation on a directory, open '/Users/harbinger/Documents/workspace/repos/swifty-core/dist/app/resources/yolos.js'","stack":"Error: EISDIR: illegal operation on a directory, open '/Users/harbinger/Documents/workspace/repos/swifty-core/dist/app/resources/yolos.js'\n    at Error (native)","errno":-21,"code":"EISDIR","syscall":"open","path":"/Users/harbinger/Documents/workspace/repos/swifty-core/dist/app/resources/yolos.js","level":"error","timestamp":"2017-02-05T09:32:56.718Z"}
{"level":"info","message":"Building Application...","timestamp":"2017-02-05T09:34:01.129Z"}
{"level":"error","message":"Failed to load layers... :( Unfortunately, this is likely a bug with Swifty.js itself. Reason was:","timestamp":"2017-02-05T09:34:01.501Z"}
{"message":"EISDIR: illegal operation on a directory, open '/Users/harbinger/Documents/workspace/repos/swifty-core/dist/app/resources/swags.js'","stack":"Error: EISDIR: illegal operation on a directory, open '/Users/harbinger/Documents/workspace/repos/swifty-core/dist/app/resources/swags.js'\n    at Error (native)","errno":-21,"code":"EISDIR","syscall":"open","path":"/Users/harbinger/Documents/workspace/repos/swifty-core/dist/app/resources/swags.js","level":"error","timestamp":"2017-02-05T09:34:01.501Z"}
{"level":"info","message":"Building Application...","timestamp":"2017-02-05T09:34:29.128Z"}
{"level":"error","message":"Failed to load layers... :( Unfortunately, this is likely a bug with Swifty.js itself. Reason was:","timestamp":"2017-02-05T09:34:29.492Z"}
{"message":"EISDIR: illegal operation on a directory, open '/Users/harbinger/Documents/workspace/repos/swifty-core/dist/app/resources/swags.js'","stack":"Error: EISDIR: illegal operation on a directory, open '/Users/harbinger/Documents/workspace/repos/swifty-core/dist/app/resources/swags.js'\n    at Error (native)","errno":-21,"code":"EISDIR","syscall":"open","path":"/Users/harbinger/Documents/workspace/repos/swifty-core/dist/app/resources/swags.js","level":"error","timestamp":"2017-02-05T09:34:29.492Z"}
{"level":"info","message":"Building Application...","timestamp":"2017-02-05T09:34:43.877Z"}
{"level":"info","message":"Building Application...","timestamp":"2017-02-05T09:35:22.934Z"}
{"level":"info","message":"Application Built!","timestamp":"2017-02-05T09:35:23.336Z"}
{"meta":"","level":"info","message":"","timestamp":"2017-02-05T09:35:23.336Z"}
{"meta":"","level":"info","message":"","timestamp":"2017-02-05T09:35:23.337Z"}
{"level":"info","message":"Listening for requests on port 1989...","timestamp":"2017-02-05T09:35:23.343Z"}
{"level":"info","message":"Building Application...","timestamp":"2017-02-05T09:35:37.115Z"}
{"level":"info","message":"Application Built!","timestamp":"2017-02-05T09:35:37.525Z"}
{"meta":"","level":"info","message":"","timestamp":"2017-02-05T09:35:37.525Z"}
{"meta":"","level":"info","message":"","timestamp":"2017-02-05T09:35:37.526Z"}
{"level":"info","message":"Listening for requests on port 1989...","timestamp":"2017-02-05T09:35:37.532Z"}
{"level":"info","message":"Building Application...","timestamp":"2017-02-05T09:35:51.663Z"}
{"level":"info","message":"Application Built!","timestamp":"2017-02-05T09:35:52.049Z"}
{"meta":"","level":"info","message":"","timestamp":"2017-02-05T09:35:52.049Z"}
{"meta":"","level":"info","message":"","timestamp":"2017-02-05T09:35:52.049Z"}
{"level":"info","message":"Listening for requests on port 1989...","timestamp":"2017-02-05T09:35:52.055Z"}
{"level":"info","message":"Building Application...","timestamp":"2017-02-05T09:36:04.138Z"}
{"level":"info","message":"Application Built!","timestamp":"2017-02-05T09:36:04.532Z"}
{"meta":"","level":"info","message":"","timestamp":"2017-02-05T09:36:04.533Z"}
{"meta":"","level":"info","message":"","timestamp":"2017-02-05T09:36:04.533Z"}
{"level":"info","message":"Listening for requests on port 1989...","timestamp":"2017-02-05T09:36:04.540Z"}
{"level":"info","message":"Building Application...","timestamp":"2017-02-05T09:36:22.198Z"}
{"level":"info","message":"Application Built!","timestamp":"2017-02-05T09:36:22.585Z"}
{"meta":"","level":"info","message":"","timestamp":"2017-02-05T09:36:22.585Z"}
{"meta":"","level":"info","message":"","timestamp":"2017-02-05T09:36:22.586Z"}
{"level":"info","message":"Listening for requests on port 1989...","timestamp":"2017-02-05T09:36:22.591Z"}
{"level":"info","message":"Building Application...","timestamp":"2017-02-05T09:36:47.315Z"}
{"level":"info","message":"Application Built!","timestamp":"2017-02-05T09:36:47.695Z"}
{"meta":"","level":"info","message":"","timestamp":"2017-02-05T09:36:47.696Z"}
{"meta":"","level":"info","message":"","timestamp":"2017-02-05T09:36:47.696Z"}
{"level":"info","message":"Listening for requests on port 1989...","timestamp":"2017-02-05T09:36:47.702Z"}
{"level":"info","message":"Building Application...","timestamp":"2017-02-05T09:42:00.592Z"}
{"level":"info","message":"Application Built!","timestamp":"2017-02-05T09:42:00.978Z"}
{"meta":"","level":"info","message":"","timestamp":"2017-02-05T09:42:00.978Z"}
{"meta":"","level":"info","message":"","timestamp":"2017-02-05T09:42:00.979Z"}
{"level":"info","message":"Listening for requests on port 1989...","timestamp":"2017-02-05T09:42:00.984Z"}
{"level":"info","message":"Building Application...","timestamp":"2017-02-05T09:42:06.085Z"}
{"level":"info","message":"Application Built!","timestamp":"2017-02-05T09:42:06.475Z"}
{"meta":"","level":"info","message":"","timestamp":"2017-02-05T09:42:06.476Z"}
{"meta":"","level":"info","message":"","timestamp":"2017-02-05T09:42:06.476Z"}
{"level":"info","message":"Listening for requests on port 1989...","timestamp":"2017-02-05T09:42:06.481Z"}
{"level":"info","message":"Building Application...","timestamp":"2017-02-05T09:42:11.362Z"}
{"level":"info","message":"Application Built!","timestamp":"2017-02-05T09:42:11.750Z"}
{"meta":"","level":"info","message":"","timestamp":"2017-02-05T09:42:11.750Z"}
{"meta":"","level":"info","message":"","timestamp":"2017-02-05T09:42:11.751Z"}
{"level":"info","message":"Listening for requests on port 1989...","timestamp":"2017-02-05T09:42:11.756Z"}
{"level":"info","message":"Building Application...","timestamp":"2017-02-05T09:42:16.661Z"}
{"level":"info","message":"Application Built!","timestamp":"2017-02-05T09:42:17.054Z"}
{"meta":"","level":"info","message":"","timestamp":"2017-02-05T09:42:17.054Z"}
{"meta":"","level":"info","message":"","timestamp":"2017-02-05T09:42:17.055Z"}
{"level":"info","message":"Listening for requests on port 1989...","timestamp":"2017-02-05T09:42:17.061Z"}
{"level":"info","message":"Building Application...","timestamp":"2017-02-06T06:00:35.351Z"}
{"level":"info","message":"Application Built!","timestamp":"2017-02-06T06:00:35.788Z"}
{"meta":"","level":"info","message":"","timestamp":"2017-02-06T06:00:35.788Z"}
{"meta":"","level":"info","message":"","timestamp":"2017-02-06T06:00:35.788Z"}
{"level":"info","message":"Listening for requests on port 1989...","timestamp":"2017-02-06T06:00:35.794Z"}
{"level":"info","message":"Building Application...","timestamp":"2017-02-06T06:02:54.393Z"}
{"level":"info","message":"Application Built!","timestamp":"2017-02-06T06:02:55.498Z"}
{"meta":"","level":"info","message":"","timestamp":"2017-02-06T06:02:55.498Z"}
{"meta":"","level":"info","message":"","timestamp":"2017-02-06T06:02:55.499Z"}
{"level":"info","message":"Listening for requests on port 1989...","timestamp":"2017-02-06T06:02:55.513Z"}
{"level":"info","message":"Building Application...","timestamp":"2017-02-06T06:19:02.706Z"}
{"level":"info","message":"Application Built!","timestamp":"2017-02-06T06:19:03.210Z"}
{"meta":"","level":"info","message":"","timestamp":"2017-02-06T06:19:03.210Z"}
{"meta":"","level":"info","message":"","timestamp":"2017-02-06T06:19:03.211Z"}
{"level":"info","message":"Listening for requests on port 1989...","timestamp":"2017-02-06T06:19:03.219Z"}
